2023-03-18 22:06:38,731 - root - INFO - ************ Test_001_Login **************
2023-03-18 22:06:38,732 - root - INFO - ************ Verifying Home Page Title **************
2023-03-18 22:06:42,141 - root - INFO - ********** Home Page Title Test is passed ***********
2023-03-18 22:06:45,412 - root - INFO - ********** Verifying Login Test ***********
2023-03-18 22:06:52,555 - root - INFO - ********** Verifying Login Test is passed ***********
2023-03-18 22:26:21,332 - root - INFO - ************ Test_001_Login **************
2023-03-18 22:26:21,335 - root - INFO - ************ Verifying Home Page Title **************
2023-03-18 22:27:20,723 - root - ERROR - ********** Home Page Title Test is Failed ***********
2023-03-18 22:27:23,885 - root - INFO - ********** Verifying Login Test ***********
2023-03-18 22:27:55,989 - root - ERROR - ********** Verifying Login Test is Failed ***********
2023-03-18 22:32:21,057 - root - INFO - ************ Test_001_Login **************
2023-03-18 22:32:21,058 - root - INFO - ************ Verifying Home Page Title **************
2023-03-18 22:33:19,979 - root - INFO - ********** Verifying Login Test ***********
2023-03-18 22:33:51,862 - root - ERROR - ********** Verifying Login Test is Failed ***********
2023-03-18 22:42:59,799 - root - INFO - ************ Test_001_Login **************
2023-03-18 22:42:59,800 - root - INFO - ************ Verifying Home Page Title **************
2023-03-18 22:43:05,903 - root - INFO - ********** Verifying Login Test ***********
2023-03-19 19:26:18,414 - root - INFO - ************ Test_001_Login **************
2023-03-19 19:26:18,415 - root - INFO - ************ Verifying Home Page Title **************
2023-03-19 19:26:21,601 - root - INFO - ********** Home Page Title Test is passed ***********
2023-03-19 19:26:24,382 - root - INFO - ********** Verifying Login Test ***********
2023-03-19 19:26:30,543 - root - INFO - ********** Verifying Login Test is passed ***********
2023-03-19 19:49:19,034 - root - INFO - ************ Test_001_Login **************
2023-03-19 19:49:19,034 - root - INFO - ************ Verifying Home Page Title **************
2023-03-19 19:49:23,233 - root - INFO - ********** Home Page Title Test is passed ***********
2023-03-19 19:49:32,573 - root - INFO - ********** Verifying Login Test ***********
2023-03-19 19:49:37,110 - root - INFO - ********** Verifying Login Test is passed ***********
2023-03-19 20:07:28,774 - root - INFO - ************ Test_001_Login **************
2023-03-19 20:07:28,775 - root - INFO - ************ Verifying Home Page Title **************
2023-03-19 20:15:34,528 - root - INFO - ********** Verifying Login Test ***********
2023-03-19 20:15:40,729 - root - INFO - ************ Test_001_Login **************
2023-03-19 20:15:40,729 - root - INFO - ************ Verifying Home Page Title **************
2023-03-19 20:15:44,250 - root - INFO - ********** Verifying Login Test is passed ***********
2023-03-19 20:15:45,483 - root - INFO - ********** Home Page Title Test is passed ***********
2023-03-19 20:16:28,174 - root - INFO - ************ Test_001_Login **************
2023-03-19 20:16:28,174 - root - INFO - ************ Verifying Home Page Title **************
2023-03-19 20:16:28,495 - root - INFO - ********** Verifying Login Test ***********
2023-03-19 20:16:31,422 - root - INFO - ********** Home Page Title Test is passed ***********
2023-03-19 20:16:36,305 - root - INFO - ********** Verifying Login Test is passed ***********
2023-03-19 20:17:09,201 - root - INFO - ************ Test_001_Login **************
2023-03-19 20:17:09,201 - root - INFO - ************ Verifying Home Page Title **************
2023-03-19 20:17:15,290 - root - INFO - ********** Verifying Login Test ***********
2023-03-19 20:17:18,476 - root - INFO - ********** Home Page Title Test is passed ***********
2023-03-19 20:17:20,957 - root - INFO - ********** Verifying Login Test is passed ***********
2023-03-19 20:17:57,823 - root - INFO - ********** Verifying Login Test ***********
2023-03-19 20:18:01,198 - root - INFO - ************ Test_001_Login **************
2023-03-19 20:18:01,198 - root - INFO - ************ Verifying Home Page Title **************
2023-03-19 20:18:04,400 - root - INFO - ********** Verifying Login Test is passed ***********
2023-03-19 20:18:07,707 - root - INFO - ********** Home Page Title Test is passed ***********
2023-03-19 20:18:37,116 - root - INFO - ********** Verifying Login Test ***********
2023-03-19 20:18:37,827 - root - INFO - ************ Test_001_Login **************
2023-03-19 20:18:37,828 - root - INFO - ************ Verifying Home Page Title **************
2023-03-19 20:18:41,582 - root - INFO - ********** Home Page Title Test is passed ***********
2023-03-19 20:18:45,177 - root - INFO - ********** Verifying Login Test is passed ***********
2023-03-19 22:44:15,710 - root - INFO - ************ Test_001_Login **************
2023-03-19 22:44:15,710 - root - INFO - ************ Verifying Home Page Title **************
2023-03-19 22:44:16,932 - root - INFO - ********** Verifying Login Test ***********
2023-03-19 22:44:20,521 - root - INFO - ********** Home Page Title Test is passed ***********
2023-03-19 22:44:24,963 - root - INFO - ********** Verifying Login Test is passed ***********
2023-03-26 18:53:52,509 - root - INFO - ********** Verifying Login Test ***********
2023-03-26 18:54:03,266 - root - INFO - ********** Verifying Login Test is passed ***********
2023-03-26 18:56:35,915 - root - INFO - ************ Test_001_Login **************
2023-03-26 18:56:35,915 - root - INFO - ************ Verifying Home Page Title **************
2023-03-26 18:56:40,199 - root - INFO - ********** Home Page Title Test is passed ***********
2023-03-26 18:56:48,402 - root - INFO - ********** Verifying Login Test ***********
2023-03-26 18:56:57,111 - root - INFO - ********** Verifying Login Test is passed ***********
2023-03-26 19:12:36,807 - root - INFO - ************ Test_001_Login **************
2023-03-26 19:12:36,808 - root - INFO - ************ Verifying Home Page Title **************
2023-03-26 19:12:41,906 - root - INFO - ********** Home Page Title Test is passed ***********
2023-03-26 19:12:50,272 - root - INFO - ********** Verifying Login Test ***********
2023-03-26 19:13:00,743 - root - INFO - ********** Verifying Login Test is passed ***********
2023-03-26 19:23:39,054 - root - INFO - ************ Test_001_Login **************
2023-03-26 19:23:39,055 - root - INFO - ************ Verifying Home Page Title **************
2023-03-26 19:23:42,865 - root - INFO - ********** Home Page Title Test is passed ***********
2023-03-26 19:23:51,037 - root - INFO - ********** Verifying Login Test ***********
2023-03-26 19:23:56,854 - root - INFO - ********** Verifying Login Test is passed ***********
2023-03-26 20:16:26,733 - root - INFO - ************ Test_001_Login **************
2023-03-26 20:16:26,733 - root - INFO - ************ Verifying Home Page Title **************
2023-03-26 20:16:32,077 - root - INFO - ********** Home Page Title Test is passed ***********
2023-03-26 20:16:40,086 - root - INFO - ********** Verifying Login Test ***********
2023-03-26 20:16:45,659 - root - INFO - ********** Verifying Login Test is passed ***********
2023-03-26 20:17:28,747 - root - INFO - ************ Test_001_Login **************
2023-03-26 20:17:28,747 - root - INFO - ************ Verifying Home Page Title **************
2023-03-26 20:22:33,709 - root - INFO - ********** Verifying Login Test ***********
2023-03-26 21:03:50,992 - root - INFO - ********** Verifying Login Test ***********
2023-03-26 21:03:51,198 - root - INFO - ************ Test_001_Login **************
2023-03-26 21:03:51,198 - root - INFO - ************ Verifying Home Page Title **************
2023-03-26 21:03:54,283 - root - INFO - ********** Home Page Title Test is passed ***********
2023-03-26 21:03:59,799 - root - INFO - ********** Verifying Login Test is passed ***********
2023-03-26 21:10:26,332 - root - INFO - ************ Test_001_Login **************
2023-03-26 21:10:26,332 - root - INFO - ************ Verifying Home Page Title **************
2023-03-26 21:10:29,642 - root - INFO - ********** Home Page Title Test is passed ***********
2023-03-26 21:10:31,465 - root - INFO - ********** Verifying Login Test ***********
2023-03-26 21:10:39,222 - root - INFO - ********** Verifying Login Test is passed ***********
